<?xml version="1.0" encoding="UTF-8"?>
<testsuite xmlns:xsi="http://www.w3.org/2001/XMLSchema-instance" xsi:noNamespaceSchemaLocation="https://maven.apache.org/surefire/maven-surefire-plugin/xsd/surefire-test-report.xsd" name="runners.Runner" time="37.406" tests="6" errors="0" skipped="0" failures="0">
  <properties>
[...]
</properties>
  <testcase name="Validate invalid login attempt" classname="Smart bear software functionality" time="4.424"/>
  <testcase name="Validate valid login attempt" classname="Smart bear software functionality" time="2.797"/>
  <testcase name="Validate &quot;Web Orders&quot; menu items" classname="Smart bear software functionality" time="3.394"/>
  <testcase name="Validate &quot;Check All&quot; and &quot;Uncheck All&quot; links" classname="Smart bear software functionality" time="5.163"/>
  <testcase name="Validate adding new order" classname="Smart bear software functionality" time="6.167"/>
  <testcase name="Validate &quot;Delete Selected&quot; button" classname="Smart bear software functionality" time="15.079"/>
</testsuite>